<?xml version="1.0" encoding="UTF-8"?>
<coverage generated="1589850079008" clover="3.2.0">
  <project timestamp="1589850079008" name="All files">
    <metrics statements="11" coveredstatements="11" conditionals="2" coveredconditionals="2" methods="1" coveredmethods="1" elements="14" coveredelements="14" complexity="0" loc="11" ncloc="11" packages="1" files="1" classes="1"/>
    <file name="array-shift.js" path="/mnt/c/Users/STD/401-projects/data-structures-and-algorithms/challenges/arrayShift/array-shift.js">
      <metrics statements="11" coveredstatements="11" conditionals="2" coveredconditionals="2" methods="1" coveredmethods="1"/>
      <line num="6" count="3" type="stmt"/>
      <line num="7" count="3" type="stmt"/>
      <line num="8" count="3" type="stmt"/>
      <line num="9" count="9" type="cond" truecount="2" falsecount="0"/>
      <line num="10" count="3" type="stmt"/>
      <line num="12" count="6" type="stmt"/>
      <line num="15" count="3" type="stmt"/>
      <line num="16" count="4" type="stmt"/>
      <line num="18" count="3" type="stmt"/>
      <line num="19" count="3" type="stmt"/>
      <line num="23" count="1" type="stmt"/>
    </file>
  </project>
</coverage>
